<?xml version="1.0" encoding="UTF-8"?>
<testsuites>
  <testsuite name="PlaygroundWeatherTest\Mapper\WeatherHourlyOccurrenceTest" file="/home/stephanie/www/playground/module/PlaygroundWeather/tests/PlaygroundWeatherTest/Mapper/WeatherHourlyOccurrenceTest.php" namespace="PlaygroundWeatherTest\Mapper" fullPackage="PlaygroundWeatherTest.Mapper" tests="3" assertions="2" failures="0" errors="1" time="2.962082">
    <testcase name="testFind1ByDailyOccurrence" class="PlaygroundWeatherTest\Mapper\WeatherHourlyOccurrenceTest" file="/home/stephanie/www/playground/module/PlaygroundWeather/tests/PlaygroundWeatherTest/Mapper/WeatherHourlyOccurrenceTest.php" line="28" assertions="1" time="1.659160"/>
    <testcase name="testFindManyByDailyOccurrence" class="PlaygroundWeatherTest\Mapper\WeatherHourlyOccurrenceTest" file="/home/stephanie/www/playground/module/PlaygroundWeather/tests/PlaygroundWeatherTest/Mapper/WeatherHourlyOccurrenceTest.php" line="51" assertions="1" time="0.626042"/>
    <testcase name="testFindEveryCodeByDaily" class="PlaygroundWeatherTest\Mapper\WeatherHourlyOccurrenceTest" file="/home/stephanie/www/playground/module/PlaygroundWeather/tests/PlaygroundWeatherTest/Mapper/WeatherHourlyOccurrenceTest.php" line="91" assertions="0" time="0.676880">
      <error type="Doctrine\ORM\Query\QueryException">PlaygroundWeatherTest\Mapper\WeatherHourlyOccurrenceTest::testFindEveryCodeByDaily
Doctrine\ORM\Query\QueryException: [Semantical Error] line 0, col -1 near 'SELECT c FROM': Error: Cannot select entity through identification variables without choosing at least one root entity alias.

/home/stephanie/www/playground/vendor/doctrine/orm/lib/Doctrine/ORM/Query/QueryException.php:63
/home/stephanie/www/playground/vendor/doctrine/orm/lib/Doctrine/ORM/Query/Parser.php:483
/home/stephanie/www/playground/vendor/doctrine/orm/lib/Doctrine/ORM/Query/Parser.php:826
/home/stephanie/www/playground/vendor/doctrine/orm/lib/Doctrine/ORM/Query/Parser.php:290
/home/stephanie/www/playground/vendor/doctrine/orm/lib/Doctrine/ORM/Query/Parser.php:351
/home/stephanie/www/playground/vendor/doctrine/orm/lib/Doctrine/ORM/Query.php:255
/home/stephanie/www/playground/vendor/doctrine/orm/lib/Doctrine/ORM/Query.php:267
/home/stephanie/www/playground/vendor/doctrine/orm/lib/Doctrine/ORM/AbstractQuery.php:794
/home/stephanie/www/playground/vendor/doctrine/orm/lib/Doctrine/ORM/AbstractQuery.php:574
/home/stephanie/www/playground/module/PlaygroundWeather/src/PlaygroundWeather/Mapper/WeatherHourlyOccurrence.php:86
/home/stephanie/www/playground/module/PlaygroundWeather/tests/PlaygroundWeatherTest/Mapper/WeatherHourlyOccurrenceTest.php:139
/home/stephanie/www/playground/vendor/phpunit/phpunit/composer/bin/phpunit:63
</error>
    </testcase>
  </testsuite>
</testsuites>
